#
# A fatal error has been detected by the Java Runtime Environment:
#
#  EXCEPTION_ACCESS_VIOLATION (0xc0000005) at pc=0x00007fff36703494, pid=1080, tid=2412
#
# JRE version: Java(TM) SE Runtime Environment (12.0.2+10) (build 12.0.2+10)
# Java VM: Java HotSpot(TM) 64-Bit Server VM (12.0.2+10, mixed mode, sharing, tiered, compressed oops, g1 gc, windows-amd64)
# Problematic frame:
# V  [jvm.dll+0x333494]
#
# No core dump will be written. Minidumps are not enabled by default on client versions of Windows
#
# If you would like to submit a bug report, please visit:
#   http://bugreport.java.com/bugreport/crash.jsp
#

---------------  S U M M A R Y ------------

Command Line: -ea -Didea.test.cyclic.buffer.size=1048576 -javaagent:C:\Program Files\JetBrains\IntelliJ IDEA Community Edition 2019.2.3\lib\idea_rt.jar=51010:C:\Program Files\JetBrains\IntelliJ IDEA Community Edition 2019.2.3\bin -Dfile.encoding=UTF-8 com.intellij.rt.execution.junit.JUnitStarter -ideVersion5 -junit5 com.automation.tests.day8.OMDBTestsAPIKey,test3

Host: Intel(R) Core(TM) i7-4720HQ CPU @ 2.60GHz, 8 cores, 15G,  Windows 10 , 64 bit Build 18362 (10.0.18362.329)
Time: Thu Feb  6 15:42:37 2020 Central Standard Time elapsed time: 2 seconds (0d 0h 0m 2s)

---------------  T H R E A D  ---------------

Current thread (0x000001ecc842f000):  GCTaskThread "GC Thread#0" [stack: 0x000000a01bd00000,0x000000a01be00000] [id=2412]

Stack: [0x000000a01bd00000,0x000000a01be00000],  sp=0x000000a01bdff370,  free space=1020k
Native frames: (J=compiled Java code, j=interpreted, Vv=VM code, C=native code)
V  [jvm.dll+0x333494]
V  [jvm.dll+0x2f02ca]
V  [jvm.dll+0x616600]
V  [jvm.dll+0x2f022a]
V  [jvm.dll+0x2f0b1c]
V  [jvm.dll+0x32f8ec]
V  [jvm.dll+0x2feda3]
V  [jvm.dll+0x330003]
V  [jvm.dll+0x2fd706]
V  [jvm.dll+0x7bd020]
V  [jvm.dll+0x74a2c8]
V  [jvm.dll+0x639b16]
C  [ucrtbase.dll+0x20e72]
C  [KERNEL32.DLL+0x17bd4]
C  [ntdll.dll+0x6ced1]


siginfo: EXCEPTION_ACCESS_VIOLATION (0xc0000005), reading address 0x000001fcc842a47e


Register to memory mapping:

RIP=0x00007fff36703494 jvm.dll
RAX=0x000001ecc8425bf6 points into unknown readable memory: 00 00
RBX=0x000001eced0dd3f0 points into unknown readable memory: 78 d8 c6 36 ff 7f 00 00
RCX=0x0000000000000014 is an unknown value
RDX=0x000001ecd11a1890 is at entry_point+5520 in (nmethod*)0x000001ecd119fe10
RSP=0x000000a01bdff370 points into unknown readable memory: f0 d3 0d ed ec 01 00 00
RBP=0x000000000000f000 is an unknown value
RSI=0x000001eced0dd478 points into unknown readable memory: 98 d7 c6 36 ff 7f 00 00
RDI=0x000001ecd11a1890 is at entry_point+5520 in (nmethod*)0x000001ecd119fe10
R8 =0x0000001000004888 is an unknown value
R9 =0x000001ecc83da4b0 points into unknown readable memory: f8 58 c6 36 ff 7f 00 00
R10=0x0100000488808349 is an unknown value
R11=0x000000a01bdff320 points into unknown readable memory: 10 fe 19 d1 ec 01 00 00
R12=0x0000000000001000 is an unknown value
R13=0x00007fff36c6ce90 jvm.dll
R14=0x00007fff36c53f80 jvm.dll
R15=0x0 is NULL


Registers:
RAX=0x000001ecc8425bf6, RBX=0x000001eced0dd3f0, RCX=0x0000000000000014, RDX=0x000001ecd11a1890
RSP=0x000000a01bdff370, RBP=0x000000000000f000, RSI=0x000001eced0dd478, RDI=0x000001ecd11a1890
R8 =0x0000001000004888, R9 =0x000001ecc83da4b0, R10=0x0100000488808349, R11=0x000000a01bdff320
R12=0x0000000000001000, R13=0x00007fff36c6ce90, R14=0x00007fff36c53f80, R15=0x0000000000000000
RIP=0x00007fff36703494, EFLAGS=0x0000000000010206

Top of Stack: (sp=0x000000a01bdff370)
0x000000a01bdff370:   000001eced0dd3f0 00007fff36a66a39
0x000000a01bdff380:   000001eceb7dc8f8 00007fff36a66a39
0x000000a01bdff390:   000001eced0dd478 00007fff366c02ca
0x000000a01bdff3a0:   000001ecd11a1890 000001eced0dd478
0x000000a01bdff3b0:   00007fff36c6ce90 00007fff36c6cd50
0x000000a01bdff3c0:   000001ecd119fe10 00007fff369e6600
0x000000a01bdff3d0:   00007fff36c6d798 000001eced0dd478
0x000000a01bdff3e0:   000001eced0dd478 000001ecd10b41e8
0x000000a01bdff3f0:   0000000000000000 000001ecd11a0092
0x000000a01bdff400:   000001ecd11a02f0 000001ecd119fe10
0x000000a01bdff410:   000001ecd11a188d 000000a01b000000
0x000000a01bdff420:   000001ecd10b4200 000001ecd1000000
0x000000a01bdff430:   000001ecd11a0300 000001ecd11a0300
0x000000a01bdff440:   000001ecd11a2a60 000001ecd11a0300
0x000000a01bdff450:   000001ecd11a2a60 000001ecd11a2c40
0x000000a01bdff460:   00007fff36c53f80 000000a01bdff3f0 

Instructions: (pc=0x00007fff36703494)
0x00007fff36703394:   8b 8a 90 04 00 00 48 8b 82 80 04 00 00 49 d3 e8
0x00007fff367033a4:   41 0f b6 04 00 84 c0 7e 53 49 8b 12 0f b6 ca 80
0x00007fff367033b4:   e1 03 80 f9 03 75 1c 80 3d 48 07 6e 00 00 74 0d
0x00007fff367033c4:   0f b6 c2 24 07 3c 05 75 04 33 d2 eb 1b 48 83 e2
0x00007fff367033d4:   fc eb 15 48 8b 4b 10 4c 8b ca 0f b6 d0 4d 8b c2
0x00007fff367033e4:   e8 c7 ce fe ff 48 8b d0 48 2b 15 1d b6 6f 00 8b
0x00007fff367033f4:   0d 1f b6 6f 00 48 d3 ea 89 17 eb 42 3c ff 75 2e
0x00007fff36703404:   4c 2b 52 10 8b 0d 2a 43 76 00 48 8b 82 30 02 00
0x00007fff36703414:   00 49 d3 ea 41 8b ca 80 3c 08 00 74 21 c6 04 08
0x00007fff36703424:   00 48 8b 82 70 04 00 00 c6 04 01 00 eb 10 3c fe
0x00007fff36703434:   75 0c 48 8b 4b 10 48 8b d7 e8 ae f3 ff ff 48 8b
0x00007fff36703444:   4b 10 e8 55 94 fc ff 48 8b 5c 24 30 48 83 c4 20
0x00007fff36703454:   5f c3 cc cc cc cc cc cc cc cc cc cc 48 89 5c 24
0x00007fff36703464:   08 57 48 83 ec 20 4c 8b 12 48 8b fa 48 8b d9 4d
0x00007fff36703474:   85 d2 0f 84 b3 00 00 00 4c 8b 49 08 4d 8b c2 41
0x00007fff36703484:   8b 89 90 04 00 00 49 8b 81 80 04 00 00 49 d3 e8
0x00007fff36703494:   41 0f b6 04 00 84 c0 7e 4a 49 8b 12 0f b6 ca 80
0x00007fff367034a4:   e1 03 80 f9 03 75 22 80 3d 58 06 6e 00 00 74 10
0x00007fff367034b4:   0f b6 c2 24 07 3c 05 75 07 33 d2 48 89 17 eb 62
0x00007fff367034c4:   48 83 e2 fc 48 89 17 eb 59 48 8b 4b 10 4c 8b ca
0x00007fff367034d4:   0f b6 d0 4d 8b c2 e8 d1 cd fe ff 48 8b d0 48 89
0x00007fff367034e4:   07 eb 3f 3c ff 75 2e 4d 2b 51 10 8b 0d 43 42 76
0x00007fff367034f4:   00 49 8b 81 30 02 00 00 49 d3 ea 41 8b ca 80 3c
0x00007fff36703504:   08 00 74 1e c6 04 08 00 49 8b 81 70 04 00 00 c6
0x00007fff36703514:   04 01 00 eb 0d 3c fe 75 09 48 8b 4b 10 e8 2a f3
0x00007fff36703524:   ff ff 48 8b 4b 10 e8 71 93 fc ff 48 8b 5c 24 30
0x00007fff36703534:   48 83 c4 20 5f c3 cc cc cc cc cc cc 48 8d 41 08
0x00007fff36703544:   c3 cc cc cc cc cc cc cc cc cc cc cc 48 8d 81 88
0x00007fff36703554:   00 00 00 c3 cc cc cc cc cc cc cc cc 48 8d 81 10
0x00007fff36703564:   01 00 00 c3 cc cc cc cc cc cc cc cc 48 8d 41 68
0x00007fff36703574:   c3 cc cc cc cc cc cc cc cc cc cc cc 48 8d 81 30
0x00007fff36703584:   01 00 00 c3 cc cc cc cc cc cc cc cc 48 8d 81 b0 


Stack slot to memory mapping:
stack at sp + 0 slots: 0x000001eced0dd3f0 points into unknown readable memory: 78 d8 c6 36 ff 7f 00 00
stack at sp + 1 slots: 0x00007fff36a66a39 jvm.dll
stack at sp + 2 slots: 0x000001eceb7dc8f8 points into unknown readable memory: a0 db 86 ed ec 01 00 00
stack at sp + 3 slots: 0x00007fff36a66a39 jvm.dll
stack at sp + 4 slots: 0x000001eced0dd478 points into unknown readable memory: 98 d7 c6 36 ff 7f 00 00
stack at sp + 5 slots: 0x00007fff366c02ca jvm.dll
stack at sp + 6 slots: 0x000001ecd11a1890 is at entry_point+5520 in (nmethod*)0x000001ecd119fe10
stack at sp + 7 slots: 0x000001eced0dd478 points into unknown readable memory: 98 d7 c6 36 ff 7f 00 00


---------------  P R O C E S S  ---------------

Threads class SMR info:
_java_thread_list=0x000001eced1f3ff0, length=13, elements={
0x000001ecc83cd000, 0x000001eceb953800, 0x000001eceb955000, 0x000001eceb96e000,
0x000001eceb971800, 0x000001eceb972800, 0x000001eceb975800, 0x000001eceb976800,
0x000001ecec32e800, 0x000001ecec33a800, 0x000001ecec3a6800, 0x000001ecec3a7800,
0x000001eced007000
}

Java Threads: ( => current thread )
  0x000001ecc83cd000 JavaThread "main" [_thread_blocked, id=2148, stack(0x000000a01bc00000,0x000000a01bd00000)]
  0x000001eceb953800 JavaThread "Reference Handler" daemon [_thread_blocked, id=260, stack(0x000000a01c300000,0x000000a01c400000)]
  0x000001eceb955000 JavaThread "Finalizer" daemon [_thread_blocked, id=2504, stack(0x000000a01c400000,0x000000a01c500000)]
  0x000001eceb96e000 JavaThread "Signal Dispatcher" daemon [_thread_blocked, id=3704, stack(0x000000a01c500000,0x000000a01c600000)]
  0x000001eceb971800 JavaThread "Attach Listener" daemon [_thread_blocked, id=8588, stack(0x000000a01c600000,0x000000a01c700000)]
  0x000001eceb972800 JavaThread "C2 CompilerThread0" daemon [_thread_blocked, id=6036, stack(0x000000a01c700000,0x000000a01c800000)]
  0x000001eceb975800 JavaThread "C1 CompilerThread0" daemon [_thread_blocked, id=6028, stack(0x000000a01c800000,0x000000a01c900000)]
  0x000001eceb976800 JavaThread "Sweeper thread" daemon [_thread_blocked, id=812, stack(0x000000a01c900000,0x000000a01ca00000)]
  0x000001ecec32e800 JavaThread "Common-Cleaner" daemon [_thread_blocked, id=7352, stack(0x000000a01ca00000,0x000000a01cb00000)]
  0x000001ecec33a800 JavaThread "C2 CompilerThread1" daemon [_thread_blocked, id=6832, stack(0x000000a01cb00000,0x000000a01cc00000)]
  0x000001ecec3a6800 JavaThread "Monitor Ctrl-Break" daemon [_thread_in_native, id=8928, stack(0x000000a01cc00000,0x000000a01cd00000)]
  0x000001ecec3a7800 JavaThread "Service Thread" daemon [_thread_blocked, id=3060, stack(0x000000a01cd00000,0x000000a01ce00000)]
  0x000001eced007000 JavaThread "C2 CompilerThread2" daemon [_thread_in_native, id=9788, stack(0x000000a01d300000,0x000000a01d400000)]

Other Threads:
  0x000001eceb951800 VMThread "VM Thread" [stack: 0x000000a01c200000,0x000000a01c300000] [id=10072]
  0x000001ecec409000 WatcherThread [stack: 0x000000a01ce00000,0x000000a01cf00000] [id=10516]
=>0x000001ecc842f000 GCTaskThread "GC Thread#0" [stack: 0x000000a01bd00000,0x000000a01be00000] [id=2412]
  0x000001ecec985800 GCTaskThread "GC Thread#1" [stack: 0x000000a01cf00000,0x000000a01d000000] [id=11196]
  0x000001ecece7d000 GCTaskThread "GC Thread#2" [stack: 0x000000a01d000000,0x000000a01d100000] [id=7048]
  0x000001ecece7e000 GCTaskThread "GC Thread#3" [stack: 0x000000a01d100000,0x000000a01d200000] [id=5424]
  0x000001ecece7e800 GCTaskThread "GC Thread#4" [stack: 0x000000a01d200000,0x000000a01d300000] [id=8160]
  0x000001ecc844c000 ConcurrentGCThread "G1 Main Marker" [stack: 0x000000a01be00000,0x000000a01bf00000] [id=6252]
  0x000001ecc844f000 ConcurrentGCThread "G1 Conc#0" [stack: 0x000000a01bf00000,0x000000a01c000000] [id=1508]
  0x000001eceb83c000 ConcurrentGCThread "G1 Refine#0" [stack: 0x000000a01c000000,0x000000a01c100000] [id=2528]
  0x000001eceb83d000 ConcurrentGCThread "G1 Young RemSet Sampling" [stack: 0x000000a01c100000,0x000000a01c200000] [id=8916]

Threads with active compile tasks:
C2 CompilerThread2  2580   !   4       com.sun.beans.TypeResolver::resolve (261 bytes)

VM state:at safepoint (normal execution)

VM Mutex/Monitor currently owned by a thread:  ([mutex/lock_event])
[0x000001ecc83c8ca0] Threads_lock - owner thread: 0x000001eceb951800
[0x000001ecc83c9000] Heap_lock - owner thread: 0x000001ecc83cd000

Heap address: 0x0000000708a00000, size: 3958 MB, Compressed Oops mode: Zero based, Oop shift amount: 3
Narrow klass base: 0x0000000800000000, Narrow klass shift: 3
Compressed class space size: 1073741824 Address: 0x0000000801190000

Heap:
 garbage-first heap   total 253952K, used 117866K [0x0000000708a00000, 0x0000000800000000)
  region size 1024K, 126 young (129024K), 17 survivors (17408K)
 Metaspace       used 19841K, capacity 21195K, committed 21248K, reserved 1067008K
  class space    used 2419K, capacity 3042K, committed 3072K, reserved 1048576K
Heap Regions: E=young(eden), S=young(survivor), O=old, HS=humongous(starts), HC=humongous(continues), CS=collection set, F=free, A=archive, TAMS=top-at-mark-start (previous, next)
|   0|0x0000000708a00000, 0x0000000708a99e00, 0x0000000708b00000| 60%| O|  |TAMS 0x0000000708a00000, 0x0000000708a99e00| Untracked 
|   1|0x0000000708b00000, 0x0000000708c00000, 0x0000000708c00000|100%|HS|  |TAMS 0x0000000708b00000, 0x0000000708c00000| Complete 
|   2|0x0000000708c00000, 0x0000000708d00000, 0x0000000708d00000|100%|HS|  |TAMS 0x0000000708c00000, 0x0000000708d00000| Complete 
|   3|0x0000000708d00000, 0x0000000708e00000, 0x0000000708e00000|100%|HC|  |TAMS 0x0000000708d00000, 0x0000000708e00000| Complete 
|   4|0x0000000708e00000, 0x0000000708e00000, 0x0000000708f00000|  0%| F|  |TAMS 0x0000000708e00000, 0x0000000708e00000| Untracked 
|   5|0x0000000708f00000, 0x0000000708f00000, 0x0000000709000000|  0%| F|  |TAMS 0x0000000708f00000, 0x0000000708f00000| Untracked 
|   6|0x0000000709000000, 0x0000000709000000, 0x0000000709100000|  0%| F|  |TAMS 0x0000000709000000, 0x0000000709000000| Untracked 
|   7|0x0000000709100000, 0x0000000709100000, 0x0000000709200000|  0%| F|  |TAMS 0x0000000709100000, 0x0000000709100000| Untracked 
|   8|0x0000000709200000, 0x0000000709200000, 0x0000000709300000|  0%| F|  |TAMS 0x0000000709200000, 0x0000000709200000| Untracked 
|   9|0x0000000709300000, 0x0000000709300000, 0x0000000709400000|  0%| F|  |TAMS 0x0000000709300000, 0x0000000709300000| Untracked 
|  10|0x0000000709400000, 0x0000000709400000, 0x0000000709500000|  0%| F|  |TAMS 0x0000000709400000, 0x0000000709400000| Untracked 
|  11|0x0000000709500000, 0x0000000709500000, 0x0000000709600000|  0%| F|  |TAMS 0x0000000709500000, 0x0000000709500000| Untracked 
|  12|0x0000000709600000, 0x0000000709600000, 0x0000000709700000|  0%| F|  |TAMS 0x0000000709600000, 0x0000000709600000| Untracked 
|  13|0x0000000709700000, 0x0000000709700000, 0x0000000709800000|  0%| F|  |TAMS 0x0000000709700000, 0x0000000709700000| Untracked 
|  14|0x0000000709800000, 0x0000000709800000, 0x0000000709900000|  0%| F|  |TAMS 0x0000000709800000, 0x0000000709800000| Untracked 
|  15|0x0000000709900000, 0x0000000709900000, 0x0000000709a00000|  0%| F|  |TAMS 0x0000000709900000, 0x0000000709900000| Untracked 
|  16|0x0000000709a00000, 0x0000000709a00000, 0x0000000709b00000|  0%| F|  |TAMS 0x0000000709a00000, 0x0000000709a00000| Untracked 
|  17|0x0000000709b00000, 0x0000000709b00000, 0x0000000709c00000|  0%| F|  |TAMS 0x0000000709b00000, 0x0000000709b00000| Untracked 
|  18|0x0000000709c00000, 0x0000000709c00000, 0x0000000709d00000|  0%| F|  |TAMS 0x0000000709c00000, 0x0000000709c00000| Untracked 
|  19|0x0000000709d00000, 0x0000000709d00000, 0x0000000709e00000|  0%| F|  |TAMS 0x0000000709d00000, 0x0000000709d00000| Untracked 
|  20|0x0000000709e00000, 0x0000000709e00000, 0x0000000709f00000|  0%| F|  |TAMS 0x0000000709e00000, 0x0000000709e00000| Untracked 
|  21|0x0000000709f00000, 0x0000000709f00000, 0x000000070a000000|  0%| F|  |TAMS 0x0000000709f00000, 0x0000000709f00000| Untracked 
|  22|0x000000070a000000, 0x000000070a000000, 0x000000070a100000|  0%| F|  |TAMS 0x000000070a000000, 0x000000070a000000| Untracked 
|  23|0x000000070a100000, 0x000000070a100000, 0x000000070a200000|  0%| F|  |TAMS 0x000000070a100000, 0x000000070a100000| Untracked 
|  24|0x000000070a200000, 0x000000070a200000, 0x000000070a300000|  0%| F|  |TAMS 0x000000070a200000, 0x000000070a200000| Untracked 
|  25|0x000000070a300000, 0x000000070a300000, 0x000000070a400000|  0%| F|  |TAMS 0x000000070a300000, 0x000000070a300000| Untracked 
|  26|0x000000070a400000, 0x000000070a400000, 0x000000070a500000|  0%| F|  |TAMS 0x000000070a400000, 0x000000070a400000| Untracked 
|  27|0x000000070a500000, 0x000000070a500000, 0x000000070a600000|  0%| F|  |TAMS 0x000000070a500000, 0x000000070a500000| Untracked 
|  28|0x000000070a600000, 0x000000070a600000, 0x000000070a700000|  0%| F|  |TAMS 0x000000070a600000, 0x000000070a600000| Untracked 
|  29|0x000000070a700000, 0x000000070a700000, 0x000000070a800000|  0%| F|  |TAMS 0x000000070a700000, 0x000000070a700000| Untracked 
|  30|0x000000070a800000, 0x000000070a800000, 0x000000070a900000|  0%| F|  |TAMS 0x000000070a800000, 0x000000070a800000| Untracked 
|  31|0x000000070a900000, 0x000000070a900000, 0x000000070aa00000|  0%| F|  |TAMS 0x000000070a900000, 0x000000070a900000| Untracked 
|  32|0x000000070aa00000, 0x000000070aa00000, 0x000000070ab00000|  0%| F|  |TAMS 0x000000070aa00000, 0x000000070aa00000| Untracked 
|  33|0x000000070ab00000, 0x000000070ab00000, 0x000000070ac00000|  0%| F|  |TAMS 0x000000070ab00000, 0x000000070ab00000| Untracked 
|  34|0x000000070ac00000, 0x000000070ac00000, 0x000000070ad00000|  0%| F|  |TAMS 0x000000070ac00000, 0x000000070ac00000| Untracked 
|  35|0x000000070ad00000, 0x000000070ad00000, 0x000000070ae00000|  0%| F|  |TAMS 0x000000070ad00000, 0x000000070ad00000| Untracked 
|  36|0x000000070ae00000, 0x000000070ae00000, 0x000000070af00000|  0%| F|  |TAMS 0x000000070ae00000, 0x000000070ae00000| Untracked 
|  37|0x000000070af00000, 0x000000070af00000, 0x000000070b000000|  0%| F|  |TAMS 0x000000070af00000, 0x000000070af00000| Untracked 
|  38|0x000000070b000000, 0x000000070b000000, 0x000000070b100000|  0%| F|  |TAMS 0x000000070b000000, 0x000000070b000000| Untracked 
|  39|0x000000070b100000, 0x000000070b100000, 0x000000070b200000|  0%| F|  |TAMS 0x000000070b100000, 0x000000070b100000| Untracked 
|  40|0x000000070b200000, 0x000000070b200000, 0x000000070b300000|  0%| F|  |TAMS 0x000000070b200000, 0x000000070b200000| Untracked 
|  41|0x000000070b300000, 0x000000070b300000, 0x000000070b400000|  0%| F|  |TAMS 0x000000070b300000, 0x000000070b300000| Untracked 
|  42|0x000000070b400000, 0x000000070b400000, 0x000000070b500000|  0%| F|  |TAMS 0x000000070b400000, 0x000000070b400000| Untracked 
|  43|0x000000070b500000, 0x000000070b500000, 0x000000070b600000|  0%| F|  |TAMS 0x000000070b500000, 0x000000070b500000| Untracked 
|  44|0x000000070b600000, 0x000000070b600000, 0x000000070b700000|  0%| F|  |TAMS 0x000000070b600000, 0x000000070b600000| Untracked 
|  45|0x000000070b700000, 0x000000070b700000, 0x000000070b800000|  0%| F|  |TAMS 0x000000070b700000, 0x000000070b700000| Untracked 
|  46|0x000000070b800000, 0x000000070b800000, 0x000000070b900000|  0%| F|  |TAMS 0x000000070b800000, 0x000000070b800000| Untracked 
|  47|0x000000070b900000, 0x000000070b900000, 0x000000070ba00000|  0%| F|  |TAMS 0x000000070b900000, 0x000000070b900000| Untracked 
|  48|0x000000070ba00000, 0x000000070ba00000, 0x000000070bb00000|  0%| F|  |TAMS 0x000000070ba00000, 0x000000070ba00000| Untracked 
|  49|0x000000070bb00000, 0x000000070bb00000, 0x000000070bc00000|  0%| F|  |TAMS 0x000000070bb00000, 0x000000070bb00000| Untracked 
|  50|0x000000070bc00000, 0x000000070bc00000, 0x000000070bd00000|  0%| F|  |TAMS 0x000000070bc00000, 0x000000070bc00000| Untracked 
|  51|0x000000070bd00000, 0x000000070bd00000, 0x000000070be00000|  0%| F|  |TAMS 0x000000070bd00000, 0x000000070bd00000| Untracked 
|  52|0x000000070be00000, 0x000000070be00000, 0x000000070bf00000|  0%| F|  |TAMS 0x000000070be00000, 0x000000070be00000| Untracked 
|  53|0x000000070bf00000, 0x000000070bf00000, 0x000000070c000000|  0%| F|  |TAMS 0x000000070bf00000, 0x000000070bf00000| Untracked 
|  54|0x000000070c000000, 0x000000070c000000, 0x000000070c100000|  0%| F|  |TAMS 0x000000070c000000, 0x000000070c000000| Untracked 
|  55|0x000000070c100000, 0x000000070c100000, 0x000000070c200000|  0%| F|  |TAMS 0x000000070c100000, 0x000000070c100000| Untracked 
|  56|0x000000070c200000, 0x000000070c200000, 0x000000070c300000|  0%| F|  |TAMS 0x000000070c200000, 0x000000070c200000| Untracked 
|  57|0x000000070c300000, 0x000000070c300000, 0x000000070c400000|  0%| F|  |TAMS 0x000000070c300000, 0x000000070c300000| Untracked 
|  58|0x000000070c400000, 0x000000070c400000, 0x000000070c500000|  0%| F|  |TAMS 0x000000070c400000, 0x000000070c400000| Untracked 
|  59|0x000000070c500000, 0x000000070c500000, 0x000000070c600000|  0%| F|  |TAMS 0x000000070c500000, 0x000000070c500000| Untracked 
|  60|0x000000070c600000, 0x000000070c600000, 0x000000070c700000|  0%| F|  |TAMS 0x000000070c600000, 0x000000070c600000| Untracked 
|  61|0x000000070c700000, 0x000000070c700000, 0x000000070c800000|  0%| F|  |TAMS 0x000000070c700000, 0x000000070c700000| Untracked 
|  62|0x000000070c800000, 0x000000070c800000, 0x000000070c900000|  0%| F|  |TAMS 0x000000070c800000, 0x000000070c800000| Untracked 
|  63|0x000000070c900000, 0x000000070c900000, 0x000000070ca00000|  0%| F|  |TAMS 0x000000070c900000, 0x000000070c900000| Untracked 
|  64|0x000000070ca00000, 0x000000070ca00000, 0x000000070cb00000|  0%| F|  |TAMS 0x000000070ca00000, 0x000000070ca00000| Untracked 
|  65|0x000000070cb00000, 0x000000070cb00000, 0x000000070cc00000|  0%| F|  |TAMS 0x000000070cb00000, 0x000000070cb00000| Untracked 
|  66|0x000000070cc00000, 0x000000070cc00000, 0x000000070cd00000|  0%| F|  |TAMS 0x000000070cc00000, 0x000000070cc00000| Untracked 
|  67|0x000000070cd00000, 0x000000070cd00000, 0x000000070ce00000|  0%| F|  |TAMS 0x000000070cd00000, 0x000000070cd00000| Untracked 
|  68|0x000000070ce00000, 0x000000070ce00000, 0x000000070cf00000|  0%| F|  |TAMS 0x000000070ce00000, 0x000000070ce00000| Untracked 
|  69|0x000000070cf00000, 0x000000070cf00000, 0x000000070d000000|  0%| F|  |TAMS 0x000000070cf00000, 0x000000070cf00000| Untracked 
|  70|0x000000070d000000, 0x000000070d000000, 0x000000070d100000|  0%| F|  |TAMS 0x000000070d000000, 0x000000070d000000| Untracked 
|  71|0x000000070d100000, 0x000000070d100000, 0x000000070d200000|  0%| F|  |TAMS 0x000000070d100000, 0x000000070d100000| Untracked 
|  72|0x000000070d200000, 0x000000070d200000, 0x000000070d300000|  0%| F|  |TAMS 0x000000070d200000, 0x000000070d200000| Untracked 
|  73|0x000000070d300000, 0x000000070d300000, 0x000000070d400000|  0%| F|  |TAMS 0x000000070d300000, 0x000000070d300000| Untracked 
|  74|0x000000070d400000, 0x000000070d400000, 0x000000070d500000|  0%| F|  |TAMS 0x000000070d400000, 0x000000070d400000| Untracked 
|  75|0x000000070d500000, 0x000000070d500000, 0x000000070d600000|  0%| F|  |TAMS 0x000000070d500000, 0x000000070d500000| Untracked 
|  76|0x000000070d600000, 0x000000070d600000, 0x000000070d700000|  0%| F|  |TAMS 0x000000070d600000, 0x000000070d600000| Untracked 
|  77|0x000000070d700000, 0x000000070d700000, 0x000000070d800000|  0%| F|  |TAMS 0x000000070d700000, 0x000000070d700000| Untracked 
|  78|0x000000070d800000, 0x000000070d800000, 0x000000070d900000|  0%| F|  |TAMS 0x000000070d800000, 0x000000070d800000| Untracked 
|  79|0x000000070d900000, 0x000000070d900000, 0x000000070da00000|  0%| F|  |TAMS 0x000000070d900000, 0x000000070d900000| Untracked 
|  80|0x000000070da00000, 0x000000070da00000, 0x000000070db00000|  0%| F|  |TAMS 0x000000070da00000, 0x000000070da00000| Untracked 
|  81|0x000000070db00000, 0x000000070db00000, 0x000000070dc00000|  0%| F|  |TAMS 0x000000070db00000, 0x000000070db00000| Untracked 
|  82|0x000000070dc00000, 0x000000070dc00000, 0x000000070dd00000|  0%| F|  |TAMS 0x000000070dc00000, 0x000000070dc00000| Untracked 
|  83|0x000000070dd00000, 0x000000070dd00000, 0x000000070de00000|  0%| F|  |TAMS 0x000000070dd00000, 0x000000070dd00000| Untracked 
|  84|0x000000070de00000, 0x000000070de00000, 0x000000070df00000|  0%| F|  |TAMS 0x000000070de00000, 0x000000070de00000| Untracked 
|  85|0x000000070df00000, 0x000000070df00000, 0x000000070e000000|  0%| F|  |TAMS 0x000000070df00000, 0x000000070df00000| Untracked 
|  86|0x000000070e000000, 0x000000070e000000, 0x000000070e100000|  0%| F|  |TAMS 0x000000070e000000, 0x000000070e000000| Untracked 
|  87|0x000000070e100000, 0x000000070e100000, 0x000000070e200000|  0%| F|  |TAMS 0x000000070e100000, 0x000000070e100000| Untracked 
|  88|0x000000070e200000, 0x000000070e200000, 0x000000070e300000|  0%| F|  |TAMS 0x000000070e200000, 0x000000070e200000| Untracked 
|  89|0x000000070e300000, 0x000000070e300000, 0x000000070e400000|  0%| F|  |TAMS 0x000000070e300000, 0x000000070e300000| Untracked 
|  90|0x000000070e400000, 0x000000070e400000, 0x000000070e500000|  0%| F|  |TAMS 0x000000070e400000, 0x000000070e400000| Untracked 
|  91|0x000000070e500000, 0x000000070e500000, 0x000000070e600000|  0%| F|  |TAMS 0x000000070e500000, 0x000000070e500000| Untracked 
|  92|0x000000070e600000, 0x000000070e600000, 0x000000070e700000|  0%| F|  |TAMS 0x000000070e600000, 0x000000070e600000| Untracked 
|  93|0x000000070e700000, 0x000000070e700000, 0x000000070e800000|  0%| F|  |TAMS 0x000000070e700000, 0x000000070e700000| Untracked 
|  94|0x000000070e800000, 0x000000070e800000, 0x000000070e900000|  0%| F|  |TAMS 0x000000070e800000, 0x000000070e800000| Untracked 
|  95|0x000000070e900000, 0x000000070e900000, 0x000000070ea00000|  0%| F|  |TAMS 0x000000070e900000, 0x000000070e900000| Untracked 
|  96|0x000000070ea00000, 0x000000070ea00000, 0x000000070eb00000|  0%| F|  |TAMS 0x000000070ea00000, 0x000000070ea00000| Untracked 
|  97|0x000000070eb00000, 0x000000070eb00000, 0x000000070ec00000|  0%| F|  |TAMS 0x000000070eb00000, 0x000000070eb00000| Untracked 
|  98|0x000000070ec00000, 0x000000070ec00000, 0x000000070ed00000|  0%| F|  |TAMS 0x000000070ec00000, 0x000000070ec00000| Untracked 
|  99|0x000000070ed00000, 0x000000070ed00000, 0x000000070ee00000|  0%| F|  |TAMS 0x000000070ed00000, 0x000000070ed00000| Untracked 
| 100|0x000000070ee00000, 0x000000070ee00000, 0x000000070ef00000|  0%| F|  |TAMS 0x000000070ee00000, 0x000000070ee00000| Untracked 
| 101|0x000000070ef00000, 0x000000070ef00000, 0x000000070f000000|  0%| F|  |TAMS 0x000000070ef00000, 0x000000070ef00000| Untracked 
| 102|0x000000070f000000, 0x000000070f000000, 0x000000070f100000|  0%| F|  |TAMS 0x000000070f000000, 0x000000070f000000| Untracked 
| 103|0x000000070f100000, 0x000000070f100000, 0x000000070f200000|  0%| F|  |TAMS 0x000000070f100000, 0x000000070f100000| Untracked 
| 104|0x000000070f200000, 0x000000070f200000, 0x000000070f300000|  0%| F|  |TAMS 0x000000070f200000, 0x000000070f200000| Untracked 
| 105|0x000000070f300000, 0x000000070f300000, 0x000000070f400000|  0%| F|  |TAMS 0x000000070f300000, 0x000000070f300000| Untracked 
| 106|0x000000070f400000, 0x000000070f400000, 0x000000070f500000|  0%| F|  |TAMS 0x000000070f400000, 0x000000070f400000| Untracked 
| 107|0x000000070f500000, 0x000000070f500000, 0x000000070f600000|  0%| F|  |TAMS 0x000000070f500000, 0x000000070f500000| Untracked 
| 108|0x000000070f600000, 0x000000070f600000, 0x000000070f700000|  0%| F|  |TAMS 0x000000070f600000, 0x000000070f600000| Untracked 
| 109|0x000000070f700000, 0x000000070f700000, 0x000000070f800000|  0%| F|  |TAMS 0x000000070f700000, 0x000000070f700000| Untracked 
| 110|0x000000070f800000, 0x000000070f800000, 0x000000070f900000|  0%| F|  |TAMS 0x000000070f800000, 0x000000070f800000| Untracked 
| 111|0x000000070f900000, 0x000000070f900000, 0x000000070fa00000|  0%| F|  |TAMS 0x000000070f900000, 0x000000070f900000| Untracked 
| 112|0x000000070fa00000, 0x000000070fa00000, 0x000000070fb00000|  0%| F|  |TAMS 0x000000070fa00000, 0x000000070fa00000| Untracked 
| 113|0x000000070fb00000, 0x000000070fb00000, 0x000000070fc00000|  0%| F|  |TAMS 0x000000070fb00000, 0x000000070fb00000| Untracked 
| 114|0x000000070fc00000, 0x000000070fc00000, 0x000000070fd00000|  0%| F|  |TAMS 0x000000070fc00000, 0x000000070fc00000| Untracked 
| 115|0x000000070fd00000, 0x000000070fd00000, 0x000000070fe00000|  0%| F|  |TAMS 0x000000070fd00000, 0x000000070fd00000| Untracked 
| 116|0x000000070fe00000, 0x000000070fe00000, 0x000000070ff00000|  0%| F|  |TAMS 0x000000070fe00000, 0x000000070fe00000| Untracked 
| 117|0x000000070ff00000, 0x000000070ff00000, 0x0000000710000000|  0%| F|  |TAMS 0x000000070ff00000, 0x000000070ff00000| Untracked 
| 118|0x0000000710000000, 0x0000000710000000, 0x0000000710100000|  0%| F|  |TAMS 0x0000000710000000, 0x0000000710000000| Untracked 
| 119|0x0000000710100000, 0x00000007101aed80, 0x0000000710200000| 68%| S|  |TAMS 0x0000000710100000, 0x0000000710100000| Complete 
| 120|0x0000000710200000, 0x0000000710300000, 0x0000000710300000|100%| S|  |TAMS 0x0000000710200000, 0x0000000710200000| Complete 
| 121|0x0000000710300000, 0x0000000710400000, 0x0000000710400000|100%| S|  |TAMS 0x0000000710300000, 0x0000000710300000| Complete 
| 122|0x0000000710400000, 0x0000000710500000, 0x0000000710500000|100%| S|  |TAMS 0x0000000710400000, 0x0000000710400000| Complete 
| 123|0x0000000710500000, 0x0000000710600000, 0x0000000710600000|100%| S|  |TAMS 0x0000000710500000, 0x0000000710500000| Complete 
| 124|0x0000000710600000, 0x0000000710700000, 0x0000000710700000|100%| S|  |TAMS 0x0000000710600000, 0x0000000710600000| Complete 
| 125|0x0000000710700000, 0x0000000710800000, 0x0000000710800000|100%| S|  |TAMS 0x0000000710700000, 0x0000000710700000| Complete 
| 126|0x0000000710800000, 0x0000000710900000, 0x0000000710900000|100%| S|  |TAMS 0x0000000710800000, 0x0000000710800000| Complete 
| 127|0x0000000710900000, 0x0000000710a00000, 0x0000000710a00000|100%| S|  |TAMS 0x0000000710900000, 0x0000000710900000| Complete 
| 128|0x0000000710a00000, 0x0000000710b00000, 0x0000000710b00000|100%| S|  |TAMS 0x0000000710a00000, 0x0000000710a00000| Complete 
| 129|0x0000000710b00000, 0x0000000710c00000, 0x0000000710c00000|100%| S|  |TAMS 0x0000000710b00000, 0x0000000710b00000| Complete 
| 130|0x0000000710c00000, 0x0000000710d00000, 0x0000000710d00000|100%| S|  |TAMS 0x0000000710c00000, 0x0000000710c00000| Complete 
| 131|0x0000000710d00000, 0x0000000710e00000, 0x0000000710e00000|100%| S|  |TAMS 0x0000000710d00000, 0x0000000710d00000| Complete 
| 132|0x0000000710e00000, 0x0000000710f00000, 0x0000000710f00000|100%| S|  |TAMS 0x0000000710e00000, 0x0000000710e00000| Complete 
| 133|0x0000000710f00000, 0x0000000711000000, 0x0000000711000000|100%| S|  |TAMS 0x0000000710f00000, 0x0000000710f00000| Complete 
| 134|0x0000000711000000, 0x0000000711100000, 0x0000000711100000|100%| S|  |TAMS 0x0000000711000000, 0x0000000711000000| Complete 
| 135|0x0000000711100000, 0x0000000711200000, 0x0000000711200000|100%| S|  |TAMS 0x0000000711100000, 0x0000000711100000| Complete 
| 136|0x0000000711200000, 0x0000000711280c10, 0x0000000711300000| 50%| E|CS|TAMS 0x0000000711200000, 0x0000000711280c10| Complete 
| 137|0x0000000711300000, 0x0000000711400000, 0x0000000711400000|100%| E|CS|TAMS 0x0000000711300000, 0x0000000711400000| Complete 
| 138|0x0000000711400000, 0x0000000711500000, 0x0000000711500000|100%| E|CS|TAMS 0x0000000711400000, 0x0000000711500000| Complete 
| 139|0x0000000711500000, 0x0000000711600000, 0x0000000711600000|100%| E|CS|TAMS 0x0000000711500000, 0x0000000711600000| Complete 
| 140|0x0000000711600000, 0x0000000711700000, 0x0000000711700000|100%| E|CS|TAMS 0x0000000711600000, 0x0000000711700000| Complete 
| 141|0x0000000711700000, 0x0000000711800000, 0x0000000711800000|100%| E|CS|TAMS 0x0000000711700000, 0x0000000711800000| Complete 
| 142|0x0000000711800000, 0x0000000711900000, 0x0000000711900000|100%| E|CS|TAMS 0x0000000711800000, 0x0000000711900000| Complete 
| 143|0x0000000711900000, 0x0000000711a00000, 0x0000000711a00000|100%| E|CS|TAMS 0x0000000711900000, 0x0000000711a00000| Complete 
| 144|0x0000000711a00000, 0x0000000711b00000, 0x0000000711b00000|100%| E|CS|TAMS 0x0000000711a00000, 0x0000000711b00000| Complete 
| 145|0x0000000711b00000, 0x0000000711c00000, 0x0000000711c00000|100%| E|CS|TAMS 0x0000000711b00000, 0x0000000711c00000| Complete 
| 146|0x0000000711c00000, 0x0000000711d00000, 0x0000000711d00000|100%| E|CS|TAMS 0x0000000711c00000, 0x0000000711d00000| Complete 
| 147|0x0000000711d00000, 0x0000000711e00000, 0x0000000711e00000|100%| E|CS|TAMS 0x0000000711d00000, 0x0000000711e00000| Complete 
| 148|0x0000000711e00000, 0x0000000711f00000, 0x0000000711f00000|100%| E|CS|TAMS 0x0000000711e00000, 0x0000000711f00000| Complete 
| 149|0x0000000711f00000, 0x0000000712000000, 0x0000000712000000|100%| E|CS|TAMS 0x0000000711f00000, 0x0000000712000000| Complete 
| 150|0x0000000712000000, 0x0000000712100000, 0x0000000712100000|100%| E|CS|TAMS 0x0000000712000000, 0x0000000712100000| Complete 
| 151|0x0000000712100000, 0x0000000712200000, 0x0000000712200000|100%| E|CS|TAMS 0x0000000712100000, 0x0000000712200000| Complete 
| 152|0x0000000712200000, 0x0000000712300000, 0x0000000712300000|100%| E|CS|TAMS 0x0000000712200000, 0x0000000712300000| Complete 
| 153|0x0000000712300000, 0x0000000712400000, 0x0000000712400000|100%| E|CS|TAMS 0x0000000712300000, 0x0000000712400000| Complete 
| 154|0x0000000712400000, 0x0000000712500000, 0x0000000712500000|100%| E|CS|TAMS 0x0000000712400000, 0x0000000712500000| Complete 
| 155|0x0000000712500000, 0x0000000712600000, 0x0000000712600000|100%| E|CS|TAMS 0x0000000712500000, 0x0000000712600000| Complete 
| 156|0x0000000712600000, 0x0000000712700000, 0x0000000712700000|100%| E|CS|TAMS 0x0000000712600000, 0x0000000712700000| Complete 
| 157|0x0000000712700000, 0x0000000712800000, 0x0000000712800000|100%| E|CS|TAMS 0x0000000712700000, 0x0000000712800000| Complete 
| 158|0x0000000712800000, 0x0000000712900000, 0x0000000712900000|100%| E|CS|TAMS 0x0000000712800000, 0x0000000712900000| Complete 
| 159|0x0000000712900000, 0x0000000712a00000, 0x0000000712a00000|100%| E|CS|TAMS 0x0000000712900000, 0x0000000712a00000| Complete 
| 160|0x0000000712a00000, 0x0000000712b00000, 0x0000000712b00000|100%| E|CS|TAMS 0x0000000712a00000, 0x0000000712b00000| Complete 
| 161|0x0000000712b00000, 0x0000000712c00000, 0x0000000712c00000|100%| E|CS|TAMS 0x0000000712b00000, 0x0000000712c00000| Complete 
| 162|0x0000000712c00000, 0x0000000712d00000, 0x0000000712d00000|100%| E|CS|TAMS 0x0000000712c00000, 0x0000000712d00000| Complete 
| 163|0x0000000712d00000, 0x0000000712e00000, 0x0000000712e00000|100%| E|CS|TAMS 0x0000000712d00000, 0x0000000712e00000| Complete 
| 164|0x0000000712e00000, 0x0000000712f00000, 0x0000000712f00000|100%| E|CS|TAMS 0x0000000712e00000, 0x0000000712f00000| Complete 
| 165|0x0000000712f00000, 0x0000000713000000, 0x0000000713000000|100%| E|CS|TAMS 0x0000000712f00000, 0x0000000713000000| Complete 
| 166|0x0000000713000000, 0x0000000713100000, 0x0000000713100000|100%| E|CS|TAMS 0x0000000713000000, 0x0000000713100000| Complete 
| 167|0x0000000713100000, 0x0000000713200000, 0x0000000713200000|100%| E|CS|TAMS 0x0000000713100000, 0x0000000713200000| Complete 
| 168|0x0000000713200000, 0x0000000713300000, 0x0000000713300000|100%| E|CS|TAMS 0x0000000713200000, 0x0000000713300000| Complete 
| 169|0x0000000713300000, 0x0000000713400000, 0x0000000713400000|100%| E|CS|TAMS 0x0000000713300000, 0x0000000713400000| Complete 
| 170|0x0000000713400000, 0x0000000713500000, 0x0000000713500000|100%| E|CS|TAMS 0x0000000713400000, 0x0000000713500000| Complete 
| 171|0x0000000713500000, 0x0000000713600000, 0x0000000713600000|100%| E|CS|TAMS 0x0000000713500000, 0x0000000713600000| Complete 
| 172|0x0000000713600000, 0x0000000713700000, 0x0000000713700000|100%| E|CS|TAMS 0x0000000713600000, 0x0000000713700000| Complete 
| 173|0x0000000713700000, 0x0000000713800000, 0x0000000713800000|100%| E|CS|TAMS 0x0000000713700000, 0x0000000713800000| Complete 
| 174|0x0000000713800000, 0x0000000713900000, 0x0000000713900000|100%| E|CS|TAMS 0x0000000713800000, 0x0000000713900000| Complete 
| 175|0x0000000713900000, 0x0000000713a00000, 0x0000000713a00000|100%| E|CS|TAMS 0x0000000713900000, 0x0000000713a00000| Complete 
| 176|0x0000000713a00000, 0x0000000713b00000, 0x0000000713b00000|100%| E|CS|TAMS 0x0000000713a00000, 0x0000000713b00000| Complete 
| 177|0x0000000713b00000, 0x0000000713c00000, 0x0000000713c00000|100%| E|CS|TAMS 0x0000000713b00000, 0x0000000713c00000| Complete 
| 178|0x0000000713c00000, 0x0000000713d00000, 0x0000000713d00000|100%| E|CS|TAMS 0x0000000713c00000, 0x0000000713d00000| Complete 
| 179|0x0000000713d00000, 0x0000000713e00000, 0x0000000713e00000|100%| E|CS|TAMS 0x0000000713d00000, 0x0000000713e00000| Complete 
| 180|0x0000000713e00000, 0x0000000713f00000, 0x0000000713f00000|100%| E|CS|TAMS 0x0000000713e00000, 0x0000000713f00000| Complete 
| 181|0x0000000713f00000, 0x0000000714000000, 0x0000000714000000|100%| E|CS|TAMS 0x0000000713f00000, 0x0000000714000000| Complete 
| 182|0x0000000714000000, 0x0000000714100000, 0x0000000714100000|100%| E|CS|TAMS 0x0000000714000000, 0x0000000714100000| Complete 
| 183|0x0000000714100000, 0x0000000714200000, 0x0000000714200000|100%| E|CS|TAMS 0x0000000714100000, 0x0000000714200000| Complete 
| 184|0x0000000714200000, 0x0000000714300000, 0x0000000714300000|100%| E|CS|TAMS 0x0000000714200000, 0x0000000714300000| Complete 
| 185|0x0000000714300000, 0x0000000714400000, 0x0000000714400000|100%| E|CS|TAMS 0x0000000714300000, 0x0000000714400000| Complete 
| 186|0x0000000714400000, 0x0000000714500000, 0x0000000714500000|100%| E|CS|TAMS 0x0000000714400000, 0x0000000714500000| Complete 
| 187|0x0000000714500000, 0x0000000714600000, 0x0000000714600000|100%| E|CS|TAMS 0x0000000714500000, 0x0000000714600000| Complete 
| 188|0x0000000714600000, 0x0000000714700000, 0x0000000714700000|100%| E|CS|TAMS 0x0000000714600000, 0x0000000714700000| Complete 
| 189|0x0000000714700000, 0x0000000714800000, 0x0000000714800000|100%| E|CS|TAMS 0x0000000714700000, 0x0000000714800000| Complete 
| 190|0x0000000714800000, 0x0000000714900000, 0x0000000714900000|100%| E|CS|TAMS 0x0000000714800000, 0x0000000714900000| Complete 
| 191|0x0000000714900000, 0x0000000714a00000, 0x0000000714a00000|100%| E|CS|TAMS 0x0000000714900000, 0x0000000714a00000| Complete 
| 192|0x0000000714a00000, 0x0000000714b00000, 0x0000000714b00000|100%| E|CS|TAMS 0x0000000714a00000, 0x0000000714b00000| Complete 
| 193|0x0000000714b00000, 0x0000000714c00000, 0x0000000714c00000|100%| E|CS|TAMS 0x0000000714b00000, 0x0000000714c00000| Complete 
| 194|0x0000000714c00000, 0x0000000714d00000, 0x0000000714d00000|100%| E|CS|TAMS 0x0000000714c00000, 0x0000000714d00000| Complete 
| 195|0x0000000714d00000, 0x0000000714e00000, 0x0000000714e00000|100%| E|CS|TAMS 0x0000000714d00000, 0x0000000714e00000| Complete 
| 196|0x0000000714e00000, 0x0000000714f00000, 0x0000000714f00000|100%| E|CS|TAMS 0x0000000714e00000, 0x0000000714f00000| Complete 
| 197|0x0000000714f00000, 0x0000000715000000, 0x0000000715000000|100%| E|CS|TAMS 0x0000000714f00000, 0x0000000715000000| Complete 
| 198|0x0000000715000000, 0x0000000715100000, 0x0000000715100000|100%| E|CS|TAMS 0x0000000715000000, 0x0000000715100000| Complete 
| 199|0x0000000715100000, 0x0000000715200000, 0x0000000715200000|100%| E|CS|TAMS 0x0000000715100000, 0x0000000715200000| Complete 
| 200|0x0000000715200000, 0x0000000715300000, 0x0000000715300000|100%| E|CS|TAMS 0x0000000715200000, 0x0000000715300000| Complete 
| 201|0x0000000715300000, 0x0000000715400000, 0x0000000715400000|100%| E|CS|TAMS 0x0000000715300000, 0x0000000715400000| Complete 
| 202|0x0000000715400000, 0x0000000715500000, 0x0000000715500000|100%| E|CS|TAMS 0x0000000715400000, 0x0000000715500000| Complete 
| 203|0x0000000715500000, 0x0000000715600000, 0x0000000715600000|100%| E|CS|TAMS 0x0000000715500000, 0x0000000715600000| Complete 
| 204|0x0000000715600000, 0x0000000715700000, 0x0000000715700000|100%| E|CS|TAMS 0x0000000715600000, 0x0000000715700000| Complete 
| 205|0x0000000715700000, 0x0000000715800000, 0x0000000715800000|100%| E|CS|TAMS 0x0000000715700000, 0x0000000715800000| Complete 
| 206|0x0000000715800000, 0x0000000715900000, 0x0000000715900000|100%| E|CS|TAMS 0x0000000715800000, 0x0000000715900000| Complete 
| 207|0x0000000715900000, 0x0000000715a00000, 0x0000000715a00000|100%| E|CS|TAMS 0x0000000715900000, 0x0000000715a00000| Complete 
| 208|0x0000000715a00000, 0x0000000715b00000, 0x0000000715b00000|100%| E|CS|TAMS 0x0000000715a00000, 0x0000000715b00000| Complete 
| 209|0x0000000715b00000, 0x0000000715c00000, 0x0000000715c00000|100%| E|CS|TAMS 0x0000000715b00000, 0x0000000715c00000| Complete 
| 210|0x0000000715c00000, 0x0000000715d00000, 0x0000000715d00000|100%| E|CS|TAMS 0x0000000715c00000, 0x0000000715d00000| Complete 
| 211|0x0000000715d00000, 0x0000000715e00000, 0x0000000715e00000|100%| E|CS|TAMS 0x0000000715d00000, 0x0000000715e00000| Complete 
| 212|0x0000000715e00000, 0x0000000715f00000, 0x0000000715f00000|100%| E|CS|TAMS 0x0000000715e00000, 0x0000000715f00000| Complete 
| 213|0x0000000715f00000, 0x0000000716000000, 0x0000000716000000|100%| E|CS|TAMS 0x0000000715f00000, 0x0000000716000000| Complete 
| 214|0x0000000716000000, 0x0000000716100000, 0x0000000716100000|100%| E|CS|TAMS 0x0000000716000000, 0x0000000716100000| Complete 
| 215|0x0000000716100000, 0x0000000716200000, 0x0000000716200000|100%| E|CS|TAMS 0x0000000716100000, 0x0000000716200000| Complete 
| 216|0x0000000716200000, 0x0000000716300000, 0x0000000716300000|100%| E|CS|TAMS 0x0000000716200000, 0x0000000716300000| Complete 
| 217|0x0000000716300000, 0x0000000716400000, 0x0000000716400000|100%| E|CS|TAMS 0x0000000716300000, 0x0000000716400000| Complete 
| 218|0x0000000716400000, 0x0000000716500000, 0x0000000716500000|100%| E|CS|TAMS 0x0000000716400000, 0x0000000716500000| Complete 
| 219|0x0000000716500000, 0x0000000716600000, 0x0000000716600000|100%| E|CS|TAMS 0x0000000716500000, 0x0000000716600000| Complete 
| 220|0x0000000716600000, 0x0000000716700000, 0x0000000716700000|100%| E|CS|TAMS 0x0000000716600000, 0x0000000716700000| Complete 
| 221|0x0000000716700000, 0x0000000716800000, 0x0000000716800000|100%| E|CS|TAMS 0x0000000716700000, 0x0000000716800000| Complete 
| 222|0x0000000716800000, 0x0000000716900000, 0x0000000716900000|100%| E|CS|TAMS 0x0000000716800000, 0x0000000716900000| Complete 
| 223|0x0000000716900000, 0x0000000716a00000, 0x0000000716a00000|100%| E|CS|TAMS 0x0000000716900000, 0x0000000716a00000| Complete 
| 224|0x0000000716a00000, 0x0000000716b00000, 0x0000000716b00000|100%| E|CS|TAMS 0x0000000716a00000, 0x0000000716b00000| Complete 
| 225|0x0000000716b00000, 0x0000000716c00000, 0x0000000716c00000|100%| E|CS|TAMS 0x0000000716b00000, 0x0000000716c00000| Complete 
| 226|0x0000000716c00000, 0x0000000716d00000, 0x0000000716d00000|100%| E|CS|TAMS 0x0000000716c00000, 0x0000000716d00000| Complete 
| 227|0x0000000716d00000, 0x0000000716e00000, 0x0000000716e00000|100%| E|CS|TAMS 0x0000000716d00000, 0x0000000716e00000| Complete 
| 228|0x0000000716e00000, 0x0000000716f00000, 0x0000000716f00000|100%| E|CS|TAMS 0x0000000716e00000, 0x0000000716f00000| Complete 
| 229|0x0000000716f00000, 0x0000000717000000, 0x0000000717000000|100%| E|CS|TAMS 0x0000000716f00000, 0x0000000717000000| Complete 
| 230|0x0000000717000000, 0x0000000717100000, 0x0000000717100000|100%| E|CS|TAMS 0x0000000717000000, 0x0000000717100000| Complete 
| 231|0x0000000717100000, 0x0000000717200000, 0x0000000717200000|100%| E|CS|TAMS 0x0000000717100000, 0x0000000717200000| Complete 
| 232|0x0000000717200000, 0x0000000717300000, 0x0000000717300000|100%| E|CS|TAMS 0x0000000717200000, 0x0000000717300000| Complete 
| 233|0x0000000717300000, 0x0000000717400000, 0x0000000717400000|100%| E|CS|TAMS 0x0000000717300000, 0x0000000717400000| Complete 
| 234|0x0000000717400000, 0x0000000717500000, 0x0000000717500000|100%| E|CS|TAMS 0x0000000717400000, 0x0000000717500000| Complete 
| 235|0x0000000717500000, 0x0000000717600000, 0x0000000717600000|100%| E|CS|TAMS 0x0000000717500000, 0x0000000717600000| Complete 
| 236|0x0000000717600000, 0x0000000717700000, 0x0000000717700000|100%| E|CS|TAMS 0x0000000717600000, 0x0000000717700000| Complete 
| 237|0x0000000717700000, 0x0000000717800000, 0x0000000717800000|100%| E|CS|TAMS 0x0000000717700000, 0x0000000717800000| Complete 
| 238|0x0000000717800000, 0x0000000717900000, 0x0000000717900000|100%| E|CS|TAMS 0x0000000717800000, 0x0000000717900000| Complete 
| 239|0x0000000717900000, 0x0000000717a00000, 0x0000000717a00000|100%| E|CS|TAMS 0x0000000717900000, 0x0000000717a00000| Complete 
| 240|0x0000000717a00000, 0x0000000717b00000, 0x0000000717b00000|100%| E|CS|TAMS 0x0000000717a00000, 0x0000000717b00000| Complete 
| 241|0x0000000717b00000, 0x0000000717c00000, 0x0000000717c00000|100%| E|CS|TAMS 0x0000000717b00000, 0x0000000717c00000| Complete 
| 242|0x0000000717c00000, 0x0000000717d00000, 0x0000000717d00000|100%| E|CS|TAMS 0x0000000717c00000, 0x0000000717d00000| Complete 
| 243|0x0000000717d00000, 0x0000000717e00000, 0x0000000717e00000|100%| E|CS|TAMS 0x0000000717d00000, 0x0000000717e00000| Complete 
| 244|0x0000000717e00000, 0x0000000717f00000, 0x0000000717f00000|100%| E|CS|TAMS 0x0000000717e00000, 0x0000000717f00000| Complete 
| 245|0x0000000717f00000, 0x0000000718000000, 0x0000000718000000|100%| E|CS|TAMS 0x0000000717f00000, 0x0000000718000000| Complete 
| 246|0x0000000718000000, 0x0000000718100000, 0x0000000718100000|100%| E|CS|TAMS 0x0000000718000000, 0x0000000718100000| Complete 
| 247|0x0000000718100000, 0x0000000718200000, 0x0000000718200000|100%| E|CS|TAMS 0x0000000718100000, 0x0000000718200000| Complete 

Card table byte_map: [0x000001ece02c0000,0x000001ece0a80000] _byte_map_base: 0x000001ecdca7b000

Marking Bits (Prev, Next): (CMBitMap*) 0x000001ecc8430ec8, (CMBitMap*) 0x000001ecc8430f08
 Prev Bits: [0x000001ece1240000, 0x000001ece5018000)
 Next Bits: [0x000001ece5020000, 0x000001ece8df8000)

Polling page: 0x000001ecc6270000

Metaspace:

Usage:
  Non-class:     17.73 MB capacity,    17.01 MB ( 96%) used,   660.70 KB (  4%) free+waste,    69.38 KB ( <1%) overhead. 
      Class:      2.97 MB capacity,     2.36 MB ( 80%) used,   581.33 KB ( 19%) free+waste,    41.63 KB (  1%) overhead. 
       Both:     20.70 MB capacity,    19.38 MB ( 94%) used,     1.21 MB (  6%) free+waste,   111.00 KB ( <1%) overhead. 

Virtual space:
  Non-class space:       18.00 MB reserved,      17.75 MB ( 99%) committed 
      Class space:        1.00 GB reserved,       3.00 MB ( <1%) committed 
             Both:        1.02 GB reserved,      20.75 MB (  2%) committed 

Chunk freelists:
   Non-Class:  2.88 KB
       Class:  3.75 KB
        Both:  6.63 KB

CodeHeap 'non-profiled nmethods': size=120000Kb used=1433Kb max_used=1433Kb free=118566Kb
 bounds [0x000001ecd82a0000, 0x000001ecd8510000, 0x000001ecdf7d0000]
CodeHeap 'profiled nmethods': size=120000Kb used=6415Kb max_used=6415Kb free=113584Kb
 bounds [0x000001ecd0d70000, 0x000001ecd13c0000, 0x000001ecd82a0000]
CodeHeap 'non-nmethods': size=5760Kb used=2186Kb max_used=2229Kb free=3573Kb
 bounds [0x000001ecd07d0000, 0x000001ecd0a40000, 0x000001ecd0d70000]
 total_blobs=4111 nmethods=2769 adapters=630
 compilation: enabled
              stopped_count=0, restarted_count=0
 full_count=0

Compilation events (10 events):
Event: 2.886 Thread 0x000001eceb975800 2768       1       org.codehaus.groovy.ast.Parameter::hasInitialExpression (5 bytes)
Event: 2.886 Thread 0x000001eceb975800 nmethod 2768 0x000001ecd8405d90 code [0x000001ecd8405f40, 0x000001ecd8406078]
Event: 2.886 Thread 0x000001eceb975800 2769       1       org.codehaus.groovy.ast.Parameter::getName (5 bytes)
Event: 2.886 Thread 0x000001eceb975800 nmethod 2769 0x000001ecd8406110 code [0x000001ecd84062c0, 0x000001ecd84063f8]
Event: 2.886 Thread 0x000001eceb975800 2771       3       org.codehaus.groovy.util.AbstractConcurrentMap$Segment::get (119 bytes)
Event: 2.887 Thread 0x000001eceb975800 nmethod 2771 0x000001ecd13b1810 code [0x000001ecd13b1aa0, 0x000001ecd13b2ae0]
Event: 2.887 Thread 0x000001eceb975800 2770       3       org.codehaus.groovy.util.AbstractConcurrentMap::get (16 bytes)
Event: 2.887 Thread 0x000001eceb975800 nmethod 2770 0x000001ecd13b2e90 code [0x000001ecd13b3080, 0x000001ecd13b3520]
Event: 2.887 Thread 0x000001eceb975800 2772       3       org.codehaus.groovy.ast.ClassHelper::makeWithoutCaching (20 bytes)
Event: 2.887 Thread 0x000001eceb975800 nmethod 2772 0x000001ecd13b3710 code [0x000001ecd13b38e0, 0x000001ecd13b3b70]

GC Heap History (3 events):
Event: 0.865 GC heap before
{Heap before GC invocations=0 (full 0):
 garbage-first heap   total 253952K, used 23552K [0x0000000708a00000, 0x0000000800000000)
  region size 1024K, 24 young (24576K), 0 survivors (0K)
 Metaspace       used 5304K, capacity 7673K, committed 7680K, reserved 1056768K
  class space    used 674K, capacity 1017K, committed 1024K, reserved 1048576K
}
Event: 0.870 GC heap after
{Heap after GC invocations=1 (full 0):
 garbage-first heap   total 253952K, used 3687K [0x0000000708a00000, 0x0000000800000000)
  region size 1024K, 3 young (3072K), 3 survivors (3072K)
 Metaspace       used 5304K, capacity 7673K, committed 7680K, reserved 1056768K
  class space    used 674K, capacity 1017K, committed 1024K, reserved 1048576K
}
Event: 2.894 GC heap before
{Heap before GC invocations=1 (full 0):
 garbage-first heap   total 253952K, used 116327K [0x0000000708a00000, 0x0000000800000000)
  region size 1024K, 112 young (114688K), 3 survivors (3072K)
 Metaspace       used 19841K, capacity 21195K, committed 21248K, reserved 1067008K
  class space    used 2419K, capacity 3042K, committed 3072K, reserved 1048576K
}

Deoptimization events (10 events):
Event: 2.462 Thread 0x000001ecc83cd000 Uncommon trap: reason=unstable_if action=reinterpret pc=0x000001ecd8372204 method=java.lang.CharacterDataLatin1.digit(II)I @ 7 c2
Event: 2.462 Thread 0x000001ecc83cd000 Uncommon trap: reason=unstable_if action=reinterpret pc=0x000001ecd82afbd4 method=java.lang.StringLatin1.canEncode(I)Z @ 4 c2
Event: 2.463 Thread 0x000001ecc83cd000 Uncommon trap: reason=unstable_if action=reinterpret pc=0x000001ecd8371e68 method=java.lang.CharacterDataLatin1.digit(II)I @ 7 c2
Event: 2.483 Thread 0x000001ecc83cd000 Uncommon trap: reason=unstable_if action=reinterpret pc=0x000001ecd839995c method=groovy.lang.MetaClassImpl$1MOPIter.processFastArray(Lorg/codehaus/groovy/util/FastArray;)V @ 85 c2
Event: 2.575 Thread 0x000001ecc83cd000 Uncommon trap: reason=profile_predicate action=maybe_recompile pc=0x000001ecd83df068 method=java.util.Arrays.binarySearch0([Ljava/lang/Object;IILjava/lang/Object;Ljava/util/Comparator;)I @ 25 c2
Event: 2.575 Thread 0x000001ecc83cd000 Uncommon trap: reason=profile_predicate action=maybe_recompile pc=0x000001ecd83df068 method=java.util.Arrays.binarySearch0([Ljava/lang/Object;IILjava/lang/Object;Ljava/util/Comparator;)I @ 25 c2
Event: 2.575 Thread 0x000001ecc83cd000 Uncommon trap: reason=profile_predicate action=maybe_recompile pc=0x000001ecd83df068 method=java.util.Arrays.binarySearch0([Ljava/lang/Object;IILjava/lang/Object;Ljava/util/Comparator;)I @ 25 c2
Event: 2.575 Thread 0x000001ecc83cd000 Uncommon trap: reason=profile_predicate action=maybe_recompile pc=0x000001ecd83df068 method=java.util.Arrays.binarySearch0([Ljava/lang/Object;IILjava/lang/Object;Ljava/util/Comparator;)I @ 25 c2
Event: 2.613 Thread 0x000001ecc83cd000 Uncommon trap: reason=unstable_if action=reinterpret pc=0x000001ecd82e01b0 method=java.lang.CharacterDataLatin1.isWhitespace(I)Z @ 14 c2
Event: 2.695 Thread 0x000001ecc83cd000 Uncommon trap: reason=unstable_if action=reinterpret pc=0x000001ecd83e4830 method=org.codehaus.groovy.runtime.metaclass.MetaMethodIndex.addMethodToList(Ljava/lang/Object;Lgroovy/lang/MetaMethod;)Ljava/lang/Object; @ 256 c2

Classes redefined (0 events):
No events

Internal exceptions (10 events):
Event: 2.692 Thread 0x000001ecc83cd000 Exception <a 'java/lang/ClassNotFoundException'{0x0000000711d89630}: [Lio/restassured/internal/common/assertion/PathFragmentEscaper;Customizer> (0x0000000711d89630) thrown at [t:/workspace/open/src/hotspot/share/prims/jni.cpp, line 636]
Event: 2.692 Thread 0x000001ecc83cd000 Exception <a 'java/lang/ClassNotFoundException'{0x0000000711d8a6c0}: [Lio/restassured/internal/common/assertion/PathFragmentEscaper;Customizer> (0x0000000711d8a6c0) thrown at [t:/workspace/open/src/hotspot/share/prims/jni.cpp, line 636]
Event: 2.696 Thread 0x000001ecc83cd000 Exception <a 'java/lang/ClassNotFoundException'{0x0000000711dba4b8}: java/lang/CharacterBeanInfo> (0x0000000711dba4b8) thrown at [t:/workspace/open/src/hotspot/share/classfile/systemDictionary.cpp, line 235]
Event: 2.696 Thread 0x000001ecc83cd000 Exception <a 'java/lang/ClassNotFoundException'{0x0000000711dbcc88}: java/lang/CharacterCustomizer> (0x0000000711dbcc88) thrown at [t:/workspace/open/src/hotspot/share/classfile/systemDictionary.cpp, line 235]
Event: 2.701 Thread 0x000001ecc83cd000 Exception <a 'java/lang/ClassNotFoundException'{0x0000000711c16660}: org/apache/commons/lang3/math/NumberUtilsBeanInfo> (0x0000000711c16660) thrown at [t:/workspace/open/src/hotspot/share/classfile/systemDictionary.cpp, line 235]
Event: 2.701 Thread 0x000001ecc83cd000 Exception <a 'java/lang/ClassNotFoundException'{0x0000000711c20028}: org/apache/commons/lang3/math/NumberUtilsCustomizer> (0x0000000711c20028) thrown at [t:/workspace/open/src/hotspot/share/classfile/systemDictionary.cpp, line 235]
Event: 2.711 Thread 0x000001ecc83cd000 Exception <a 'java/lang/ClassNotFoundException'{0x0000000711cc3990}: groovy/lang/BindingBeanInfo> (0x0000000711cc3990) thrown at [t:/workspace/open/src/hotspot/share/classfile/systemDictionary.cpp, line 235]
Event: 2.712 Thread 0x000001ecc83cd000 Exception <a 'java/lang/ClassNotFoundException'{0x0000000711cd6320}: groovy/lang/BindingCustomizer> (0x0000000711cd6320) thrown at [t:/workspace/open/src/hotspot/share/classfile/systemDictionary.cpp, line 235]
Event: 2.721 Thread 0x000001ecc83cd000 Exception <a 'java/lang/ClassNotFoundException'{0x0000000711b38778}: groovy/lang/GroovyShellBeanInfo> (0x0000000711b38778) thrown at [t:/workspace/open/src/hotspot/share/classfile/systemDictionary.cpp, line 235]
Event: 2.722 Thread 0x000001ecc83cd000 Exception <a 'java/lang/ClassNotFoundException'{0x0000000711b4b340}: groovy/lang/GroovyShellCustomizer> (0x0000000711b4b340) thrown at [t:/workspace/open/src/hotspot/share/classfile/systemDictionary.cpp, line 235]

Events (10 events):
Event: 2.893 loading class org/codehaus/groovy/runtime/powerassert/SourceTextNotAvailableException done
Event: 2.893 loading class org/codehaus/groovy/classgen/asm/ClosureWriter
Event: 2.893 loading class org/codehaus/groovy/classgen/asm/ClosureWriter done
Event: 2.894 loading class org/codehaus/groovy/classgen/asm/ClosureWriter$2
Event: 2.894 loading class org/codehaus/groovy/classgen/asm/ClosureWriter$2 done
Event: 2.894 loading class org/codehaus/groovy/classgen/asm/ClosureWriter$1
Event: 2.894 loading class org/codehaus/groovy/classgen/asm/ClosureWriter$1 done
Event: 2.894 loading class org/codehaus/groovy/classgen/asm/CompileStack
Event: 2.894 loading class org/codehaus/groovy/classgen/asm/CompileStack done
Event: 2.894 Executing VM operation: CollectForMetadataAllocation


Dynamic libraries:
0x00007ff7065a0000 - 0x00007ff7065af000 	C:\Program Files\Java\jdk-12.0.2\bin\java.exe
0x00007fff81760000 - 0x00007fff81950000 	C:\WINDOWS\SYSTEM32\ntdll.dll
0x00007fff7fe60000 - 0x00007fff7ff12000 	C:\WINDOWS\System32\KERNEL32.DLL
0x00007fff7e830000 - 0x00007fff7ead3000 	C:\WINDOWS\System32\KERNELBASE.dll
0x00007fff7eb80000 - 0x00007fff7ec7a000 	C:\WINDOWS\System32\ucrtbase.dll
0x00007fff708c0000 - 0x00007fff708d6000 	C:\Program Files\Java\jdk-12.0.2\bin\VCRUNTIME140.dll
0x00007fff6f1e0000 - 0x00007fff6f1f8000 	C:\Program Files\Java\jdk-12.0.2\bin\jli.dll
0x00007fff7fa90000 - 0x00007fff7fb33000 	C:\WINDOWS\System32\ADVAPI32.dll
0x00007fff810a0000 - 0x00007fff8113e000 	C:\WINDOWS\System32\msvcrt.dll
0x00007fff7fd50000 - 0x00007fff7fde7000 	C:\WINDOWS\System32\sechost.dll
0x00007fff7f810000 - 0x00007fff7f930000 	C:\WINDOWS\System32\RPCRT4.dll
0x00007fff80e20000 - 0x00007fff80fb4000 	C:\WINDOWS\System32\USER32.dll
0x00007fff7efc0000 - 0x00007fff7efe1000 	C:\WINDOWS\System32\win32u.dll
0x00007fff81230000 - 0x00007fff81256000 	C:\WINDOWS\System32\GDI32.dll
0x00007fff7db40000 - 0x00007fff7ddc5000 	C:\WINDOWS\WinSxS\amd64_microsoft.windows.common-controls_6595b64144ccf1df_6.0.18362.592_none_e6c0b1911312be02\COMCTL32.dll
0x00007fff7ecd0000 - 0x00007fff7ee64000 	C:\WINDOWS\System32\gdi32full.dll
0x00007fff81260000 - 0x00007fff81596000 	C:\WINDOWS\System32\combase.dll
0x00007fff7eae0000 - 0x00007fff7eb7e000 	C:\WINDOWS\System32\msvcp_win.dll
0x00007fff7f010000 - 0x00007fff7f090000 	C:\WINDOWS\System32\bcryptPrimitives.dll
0x00007fff7bd10000 - 0x00007fff7bd1a000 	C:\WINDOWS\SYSTEM32\VERSION.dll
0x00007fff80d70000 - 0x00007fff80d9e000 	C:\WINDOWS\System32\IMM32.DLL
0x00007fff57ac0000 - 0x00007fff57b6a000 	C:\Program Files\Java\jdk-12.0.2\bin\msvcp140.dll
0x00007fff363d0000 - 0x00007fff36f47000 	C:\Program Files\Java\jdk-12.0.2\bin\server\jvm.dll
0x00007fff80fc0000 - 0x00007fff80fc8000 	C:\WINDOWS\System32\PSAPI.DLL
0x00007fff7cd30000 - 0x00007fff7cd39000 	C:\WINDOWS\SYSTEM32\WSOCK32.dll
0x00007fff7b880000 - 0x00007fff7b8a4000 	C:\WINDOWS\SYSTEM32\WINMM.dll
0x00007fff7fdf0000 - 0x00007fff7fe5f000 	C:\WINDOWS\System32\WS2_32.dll
0x00007fff7b850000 - 0x00007fff7b87d000 	C:\WINDOWS\SYSTEM32\WINMMBASE.dll
0x00007fff7ec80000 - 0x00007fff7ecca000 	C:\WINDOWS\System32\cfgmgr32.dll
0x00007fff7e6b0000 - 0x00007fff7e6c1000 	C:\WINDOWS\System32\kernel.appcore.dll
0x00007fff6f1b0000 - 0x00007fff6f1c1000 	C:\Program Files\Java\jdk-12.0.2\bin\verify.dll
0x00007fff7e150000 - 0x00007fff7e344000 	C:\WINDOWS\SYSTEM32\DBGHELP.DLL
0x00007fff7dec0000 - 0x00007fff7deea000 	C:\WINDOWS\SYSTEM32\dbgcore.DLL
0x00007fff6a7e0000 - 0x00007fff6a806000 	C:\Program Files\Java\jdk-12.0.2\bin\java.dll
0x00007fff6f110000 - 0x00007fff6f11e000 	C:\Program Files\Java\jdk-12.0.2\bin\instrument.dll
0x00007fff6a7c0000 - 0x00007fff6a7d7000 	C:\Program Files\Java\jdk-12.0.2\bin\zip.dll
0x00007fff733e0000 - 0x00007fff733ea000 	C:\Program Files\Java\jdk-12.0.2\bin\jimage.dll
0x00007fff80670000 - 0x00007fff80d55000 	C:\WINDOWS\System32\SHELL32.dll
0x00007fff7ffa0000 - 0x00007fff80049000 	C:\WINDOWS\System32\shcore.dll
0x00007fff7f090000 - 0x00007fff7f80f000 	C:\WINDOWS\System32\windows.storage.dll
0x00007fff7e6d0000 - 0x00007fff7e6ef000 	C:\WINDOWS\System32\profapi.dll
0x00007fff7e660000 - 0x00007fff7e6aa000 	C:\WINDOWS\System32\powrprof.dll
0x00007fff7e630000 - 0x00007fff7e640000 	C:\WINDOWS\System32\UMPDC.dll
0x00007fff80050000 - 0x00007fff800a2000 	C:\WINDOWS\System32\shlwapi.dll
0x00007fff7eff0000 - 0x00007fff7f007000 	C:\WINDOWS\System32\cryptsp.dll
0x00007fff68a30000 - 0x00007fff68a49000 	C:\Program Files\Java\jdk-12.0.2\bin\net.dll
0x00007fff700b0000 - 0x00007fff70286000 	C:\WINDOWS\SYSTEM32\urlmon.dll
0x00007fff6f530000 - 0x00007fff6f620000 	C:\WINDOWS\SYSTEM32\WINHTTP.dll
0x00007fff70a40000 - 0x00007fff70ce6000 	C:\WINDOWS\SYSTEM32\iertutil.dll
0x00007fff7d9f0000 - 0x00007fff7d9fc000 	C:\WINDOWS\SYSTEM32\CRYPTBASE.DLL
0x00007fff7d820000 - 0x00007fff7d887000 	C:\WINDOWS\system32\mswsock.dll
0x00007fff68a10000 - 0x00007fff68a23000 	C:\Program Files\Java\jdk-12.0.2\bin\nio.dll
0x00007fff63c50000 - 0x00007fff63c6a000 	C:\Program Files\JetBrains\IntelliJ IDEA Community Edition 2019.2.3\bin\breakgen64.dll
0x00007fff6a880000 - 0x00007fff6a88e000 	C:\Program Files\Java\jdk-12.0.2\bin\sunmscapi.dll
0x00007fff7ee70000 - 0x00007fff7efb9000 	C:\WINDOWS\System32\CRYPT32.dll
0x00007fff7e640000 - 0x00007fff7e652000 	C:\WINDOWS\System32\MSASN1.dll
0x00007fff7db10000 - 0x00007fff7db36000 	C:\WINDOWS\SYSTEM32\ncrypt.dll
0x00007fff7e6f0000 - 0x00007fff7e716000 	C:\WINDOWS\System32\bcrypt.dll
0x00007fff7dad0000 - 0x00007fff7db0b000 	C:\WINDOWS\SYSTEM32\NTASN1.dll
0x00007fff61650000 - 0x00007fff61677000 	C:\Program Files\Java\jdk-12.0.2\bin\sunec.dll
0x00007fff7d390000 - 0x00007fff7d3c3000 	C:\WINDOWS\system32\rsaenh.dll
0x00007fff7e550000 - 0x00007fff7e575000 	C:\WINDOWS\SYSTEM32\USERENV.dll
0x00007fff7d530000 - 0x00007fff7d56a000 	C:\WINDOWS\SYSTEM32\IPHLPAPI.DLL
0x00007fff801f0000 - 0x00007fff801f8000 	C:\WINDOWS\System32\NSI.dll
0x00007fff751a0000 - 0x00007fff751b6000 	C:\WINDOWS\SYSTEM32\dhcpcsvc6.DLL
0x00007fff754e0000 - 0x00007fff754fc000 	C:\WINDOWS\SYSTEM32\dhcpcsvc.DLL
0x00007fff7d570000 - 0x00007fff7d63a000 	C:\WINDOWS\SYSTEM32\DNSAPI.dll
0x00007fff6f010000 - 0x00007fff6f01a000 	C:\Windows\System32\rasadhlp.dll
0x00007fff73e80000 - 0x00007fff73ef7000 	C:\WINDOWS\System32\fwpuclnt.dll

dbghelp: loaded successfully - version: 4.0.5 - missing functions: none
symbol engine: initialized successfully - sym options: 0x614 - pdb path: .;C:\Program Files\Java\jdk-12.0.2\bin;C:\WINDOWS\SYSTEM32;C:\WINDOWS\WinSxS\amd64_microsoft.windows.common-controls_6595b64144ccf1df_6.0.18362.592_none_e6c0b1911312be02;C:\Program Files\Java\jdk-12.0.2\bin\server;C:\Program Files\JetBrains\IntelliJ IDEA Community Edition 2019.2.3\bin

VM Arguments:
jvm_args: -ea -Didea.test.cyclic.buffer.size=1048576 -javaagent:C:\Program Files\JetBrains\IntelliJ IDEA Community Edition 2019.2.3\lib\idea_rt.jar=51010:C:\Program Files\JetBrains\IntelliJ IDEA Community Edition 2019.2.3\bin -Dfile.encoding=UTF-8 
java_command: com.intellij.rt.execution.junit.JUnitStarter -ideVersion5 -junit5 com.automation.tests.day8.OMDBTestsAPIKey,test3
java_class_path (initial): C:\Program Files\JetBrains\IntelliJ IDEA Community Edition 2019.2.3\lib\idea_rt.jar;C:\Program Files\JetBrains\IntelliJ IDEA Community Edition 2019.2.3\plugins\junit\lib\junit-rt.jar;C:\Program Files\JetBrains\IntelliJ IDEA Community Edition 2019.2.3\plugins\junit\lib\junit5-rt.jar;C:\Users\Republic Of Gamers\.m2\repository\org\junit\platform\junit-platform-launcher\1.6.0\junit-platform-launcher-1.6.0.jar;C:\Users\Republic Of Gamers\.m2\repository\org\apiguardian\apiguardian-api\1.1.0\apiguardian-api-1.1.0.jar;C:\Users\Republic Of Gamers\.m2\repository\org\junit\platform\junit-platform-engine\1.6.0\junit-platform-engine-1.6.0.jar;C:\Users\Republic Of Gamers\.m2\repository\org\opentest4j\opentest4j\1.2.0\opentest4j-1.2.0.jar;C:\Users\Republic Of Gamers\.m2\repository\org\junit\platform\junit-platform-commons\1.6.0\junit-platform-commons-1.6.0.jar;C:\Users\Republic Of Gamers\.m2\repository\org\junit\jupiter\junit-jupiter-engine\5.6.0\junit-jupiter-engine-5.6.0.jar;C:\Users\Republic Of Gamers\.m2\repository\org\junit\jupiter\junit-jupiter-api\5.6.0\junit-jupiter-api-5.6.0.jar;C:\Users\Republic Of Gamers\IdeaProjects\summer-2019-rest-assured-testing\target\test-classes;C:\Users\Republic Of Gamers\.m2\repository\io\rest-assured\rest-assured\4.2.0\rest-assured-4.2.0.jar;C:\Users\Republic Of Gamers\.m2\repository\org\codehaus\groovy\groovy\2.5.8\groovy-2.5.8.jar;C:\Users\Republic Of Gamers\.m2\repository\org\codehaus\groovy\groovy-xml\2.5.8\groovy-xml-2.5.8.jar;C:\Users\Republic Of Gamers\.m2\repository\org\apache\httpcomponents\httpclient\4.5.3\httpclient-4.5.3.jar;C:\Users\Republic Of Gamers\.m2\repository\org\apache\httpcomponents\httpcore\4.4.6\httpcore-4.4.6.jar;C:\Users\Republic Of Gamers\.m2\repository\commons-logging\commons-logging\1.2\commons-logging-1.2.jar;C:\Users\Republic Of Gamers\.m2\repository\commons-codec\commons-codec\1.9\commons-codec-1.9.jar;C:\Users\Republic Of Gamers\.m2\repository\org\apache\httpcomponents\httpmime\4.5.
Launcher Type: SUN_STANDARD

[Global flags]
     intx CICompilerCount                          = 4                                         {product} {ergonomic}
     uint ConcGCThreads                            = 2                                         {product} {ergonomic}
     uint G1ConcRefinementThreads                  = 8                                         {product} {ergonomic}
   size_t G1HeapRegionSize                         = 1048576                                   {product} {ergonomic}
    uintx GCDrainStackTargetSize                   = 64                                        {product} {ergonomic}
   size_t InitialHeapSize                          = 260046848                                 {product} {ergonomic}
   size_t MarkStackSize                            = 4194304                                   {product} {ergonomic}
   size_t MaxHeapSize                              = 4150263808                                {product} {ergonomic}
   size_t MaxNewSize                               = 2489319424                                {product} {ergonomic}
   size_t MinHeapDeltaBytes                        = 1048576                                   {product} {ergonomic}
    uintx NonNMethodCodeHeapSize                   = 5836300                                {pd product} {ergonomic}
    uintx NonProfiledCodeHeapSize                  = 122910970                              {pd product} {ergonomic}
    uintx ProfiledCodeHeapSize                     = 122910970                              {pd product} {ergonomic}
    uintx ReservedCodeCacheSize                    = 251658240                              {pd product} {ergonomic}
     bool SegmentedCodeCache                       = true                                      {product} {ergonomic}
     bool UseCompressedClassPointers               = true                                 {lp64_product} {ergonomic}
     bool UseCompressedOops                        = true                                 {lp64_product} {ergonomic}
     bool UseG1GC                                  = true                                      {product} {ergonomic}
     bool UseLargePagesIndividualAllocation        = false                                  {pd product} {ergonomic}

Logging:
Log output configuration:
 #0: stdout all=warning uptime,level,tags
 #1: stderr all=off uptime,level,tags

Environment Variables:
PATH=C:\WINDOWS\system32;C:\WINDOWS;C:\WINDOWS\System32\Wbem;C:\WINDOWS\System32\WindowsPowerShell\v1.0\;C:\WINDOWS\System32\OpenSSH\;C:\Program Files\Git\cmd;C:\apache-maven-3.6.3\bin;C:\Program Files\Java\jdk-12.0.2\bin;C:\Program Files\nodejs\;C:\Users\Republic Of Gamers\AppData\Local\Microsoft\WindowsApps;C:\Users\Republic Of Gamers\AppData\Roaming\npm
USERNAME=Republic Of Gamers
OS=Windows_NT
PROCESSOR_IDENTIFIER=Intel64 Family 6 Model 60 Stepping 3, GenuineIntel



---------------  S Y S T E M  ---------------

OS: Windows 10 , 64 bit Build 18362 (10.0.18362.329)

CPU:total 8 (initial active 8) (4 cores per cpu, 2 threads per core) family 6 model 60 stepping 3, cmov, cx8, fxsr, mmx, sse, sse2, sse3, ssse3, sse4.1, sse4.2, popcnt, avx, avx2, aes, clmul, erms, lzcnt, ht, tsc, tscinvbit, bmi1, bmi2, fma

Memory: 4k page, system-wide physical 15825M (10909M free)
TotalPageFile size 18257M (AvailPageFile size 12384M)
current process WorkingSet (physical memory assigned to process): 246M, peak: 250M
current process commit charge ("private bytes"): 406M, peak: 412M

vm_info: Java HotSpot(TM) 64-Bit Server VM (12.0.2+10) for windows-amd64 JRE (12.0.2+10), built on Jul 16 2019 01:56:17 by "mach5one" with MS VC++ 15.5 (VS2017)

END.
